<?xml version="1.0" encoding="UTF-8"?>
<!-- Generated by org.testng.reporters.JUnitReportReporter -->
<testsuite hostname="krishna" failures="0" tests="3" name="assignment2.Browsertest" time="39.461" errors="0" timestamp="2024-10-22T11:26:28 IST" skipped="0">
  <testcase classname="assignment2.Browsertest" name="Crossbrowser" time="12.596"/>
  <testcase classname="assignment2.Browsertest" name="Crossbrowser" time="12.879"/>
  <testcase classname="assignment2.Browsertest" name="Crossbrowser" time="13.986"/>
</testsuite> <!-- assignment2.Browsertest -->
