<?xml version="1.0" encoding="UTF-8"?>
<!-- Generated by org.testng.reporters.JUnitReportReporter -->
<testsuite hostname="krishna" failures="0" tests="3" name="assignment2.Browsertest" time="55.832" errors="0" timestamp="2024-10-23T11:04:39 IST" skipped="0">
  <testcase classname="assignment2.Browsertest" name="browser" time="19.474"/>
  <testcase classname="assignment2.Browsertest" name="browser" time="18.367"/>
  <testcase classname="assignment2.Browsertest" name="browser" time="17.991"/>
</testsuite> <!-- assignment2.Browsertest -->
